Build started 2018-09-18 6:53:55 PM.
     1>Project "C:\Users\A.Hakim\Documents\Visual Studio 2010\Projects\Text Art World\Text Art World\Text Art World.vcxproj" on node 2 (build target(s)).
     1>PrepareForBuild:
         Creating directory "C:\Users\A.Hakim\Documents\Visual Studio 2010\Projects\Text Art World\Debug\".
       InitializeBuildStatus:
         Creating "Debug\Text Art World.unsuccessfulbuild" because "AlwaysCreate" was specified.
       ClCompile:
         All outputs are up-to-date.
       ManifestResourceCompile:
         All outputs are up-to-date.
       Link:
         C:\Program Files (x86)\Microsoft Visual Studio 10.0\VC\bin\link.exe /ERRORREPORT:PROMPT /OUT:"C:\Users\A.Hakim\Documents\Visual Studio 2010\Projects\Text Art World\Debug\Text Art World.exe" /INCREMENTAL /NOLOGO kernel32.lib user32.lib gdi32.lib winspool.lib comdlg32.lib advapi32.lib shell32.lib ole32.lib oleaut32.lib uuid.lib odbc32.lib odbccp32.lib /MANIFEST /ManifestFile:"Debug\Text Art World.exe.intermediate.manifest" /MANIFESTUAC:"level='asInvoker' uiAccess='false'" /DEBUG /PDB:"C:\Users\A.Hakim\Documents\Visual Studio 2010\Projects\Text Art World\Debug\Text Art World.pdb" /SUBSYSTEM:CONSOLE /TLBID:1 /DYNAMICBASE /NXCOMPAT /IMPLIB:"C:\Users\A.Hakim\Documents\Visual Studio 2010\Projects\Text Art World\Debug\Text Art World.lib" /MACHINE:X86 "Debug\Text Art World.exe.embed.manifest.res"
         Debug\source_code.obj
       Manifest:
         C:\Program Files (x86)\Microsoft SDKs\Windows\v7.0A\bin\mt.exe /nologo /verbose /out:"Debug\Text Art World.exe.embed.manifest" /manifest "Debug\Text Art World.exe.intermediate.manifest"
         All outputs are up-to-date.
       LinkEmbedManifest:
         All outputs are up-to-date.
         Text Art World.vcxproj -> C:\Users\A.Hakim\Documents\Visual Studio 2010\Projects\Text Art World\Debug\Text Art World.exe
       FinalizeBuildStatus:
         Deleting file "Debug\Text Art World.unsuccessfulbuild".
         Touching "Debug\Text Art World.lastbuildstate".
     1>Done Building Project "C:\Users\A.Hakim\Documents\Visual Studio 2010\Projects\Text Art World\Text Art World\Text Art World.vcxproj" (build target(s)).

Build succeeded.

Time Elapsed 00:00:00.93
